This is pdfTeX, Version 3.14159265-2.6-1.40.20 (MiKTeX 2.9.7200 64-bit) (preloaded format=pdflatex 2020.2.3)  3 FEB 2020 23:59
entering extended mode
**./thesis.tex
(thesis.tex
LaTeX2e <2019-10-01> patch level 3

(C:\Users\Robin\AppData\Local\Programs\MiKTeX\tex/latex/koma-script\scrreprt.cl
s
Document Class: scrreprt 2020/01/24 v3.29 KOMA-Script document class (report)

(C:\Users\Robin\AppData\Local\Programs\MiKTeX\tex/latex/koma-script\scrkbase.st
y
Package: scrkbase 2020/01/24 v3.29 KOMA-Script package (KOMA-Script-dependent b
asics and keyval usage)

(C:\Users\Robin\AppData\Local\Programs\MiKTeX\tex/latex/koma-script\scrbase.sty
Package: scrbase 2020/01/24 v3.29 KOMA-Script package (KOMA-Script-independent 
basics and keyval usage)
(C:\Users\Robin\AppData\Local\Programs\MiKTeX\tex/latex/graphics\keyval.sty
Package: keyval 2014/10/28 v1.15 key=value parser (DPC)
\KV@toks@=\toks14
)
(C:\Users\Robin\AppData\Local\Programs\MiKTeX\tex/latex/koma-script\scrlfile.st
y
Package: scrlfile 2020/01/24 v3.29 KOMA-Script package (loading files)
)))
(C:\Users\Robin\AppData\Local\Programs\MiKTeX\tex/latex/koma-script\tocbasic.st
y
Package: tocbasic 2020/01/24 v3.29 KOMA-Script package (handling toc-files)
\scr@dte@tocline@numberwidth=\skip41
\scr@dte@tocline@numbox=\box27
)
Package tocbasic Info: omitting babel extension for `toc'
(tocbasic)             because of feature `nobabel' available
(tocbasic)             for `toc' on input line 137.
Package scrreprt Info: You've used standard option `12pt'.
(scrreprt)             This is correct!
(scrreprt)             Internally I'm using `fontsize=12pt'.
(scrreprt)             If you'd like to set the option with \KOMAoptions,
(scrreprt)             you'd have to use `fontsize=12pt' there
(scrreprt)             instead of `12pt', too.
Class scrreprt Info: File `scrsize12pt.clo' used to setup font sizes on input l
ine 2421.

(C:\Users\Robin\AppData\Local\Programs\MiKTeX\tex/latex/koma-script\scrsize12pt
.clo
File: scrsize12pt.clo 2020/01/24 v3.29 KOMA-Script font size class option (12pt
)
)
(C:\Users\Robin\AppData\Local\Programs\MiKTeX\tex/latex/koma-script\typearea.st
y
Package: typearea 2020/01/24 v3.29 KOMA-Script package (type area)
\ta@bcor=\skip42
\ta@div=\count80
\ta@hblk=\skip43
\ta@vblk=\skip44
\ta@temp=\skip45
\footheight=\skip46
Package typearea Info: These are the values describing the layout:
(typearea)             DIV  = 12
(typearea)             BCOR = 0.0pt
(typearea)             \paperwidth      = 597.50793pt
(typearea)              \textwidth      = 448.13095pt
(typearea)              DIV departure   = -6%
(typearea)              \evensidemargin = 2.4185pt
(typearea)              \oddsidemargin  = 2.4185pt
(typearea)             \paperheight     = 845.04694pt
(typearea)              \textheight     = 635.5pt
(typearea)              \topmargin      = -41.72441pt
(typearea)              \headheight     = 18.125pt
(typearea)              \headsep        = 21.75pt
(typearea)              \topskip        = 12.0pt
(typearea)              \footskip       = 50.75pt
(typearea)              \baselineskip   = 14.5pt
(typearea)              on input line 1719.
)
\c@part=\count81
\c@chapter=\count82
\c@section=\count83
\c@subsection=\count84
\c@subsubsection=\count85
\c@paragraph=\count86
\c@subparagraph=\count87
\scr@dte@chapter@maxnumwidth=\skip47
Class scrreprt Info: using compatibility default `afterindent=bysign'
(scrreprt)           for `\chapter on input line 5547.
\scr@dte@section@maxnumwidth=\skip48
Class scrreprt Info: using compatibility default `runin=bysign'
(scrreprt)           for `\section on input line 5557.
Class scrreprt Info: using compatibility default `afterindent=bysign'
(scrreprt)           for `\section on input line 5557.
\scr@dte@part@maxnumwidth=\skip49
Class scrreprt Info: using compatibility default `afterindent=true'
(scrreprt)           for `\part on input line 5566.
\scr@dte@subsection@maxnumwidth=\skip50
Class scrreprt Info: using compatibility default `runin=bysign'
(scrreprt)           for `\subsection on input line 5576.
Class scrreprt Info: using compatibility default `afterindent=bysign'
(scrreprt)           for `\subsection on input line 5576.
\scr@dte@subsubsection@maxnumwidth=\skip51
Class scrreprt Info: using compatibility default `runin=bysign'
(scrreprt)           for `\subsubsection on input line 5586.
Class scrreprt Info: using compatibility default `afterindent=bysign'
(scrreprt)           for `\subsubsection on input line 5586.
\scr@dte@paragraph@maxnumwidth=\skip52
Class scrreprt Info: using compatibility default `runin=bysign'
(scrreprt)           for `\paragraph on input line 5596.
Class scrreprt Info: using compatibility default `afterindent=bysign'
(scrreprt)           for `\paragraph on input line 5596.
\scr@dte@subparagraph@maxnumwidth=\skip53
Class scrreprt Info: using compatibility default `runin=bysign'
(scrreprt)           for `\subparagraph on input line 5606.
Class scrreprt Info: using compatibility default `afterindent=bysign'
(scrreprt)           for `\subparagraph on input line 5606.
\abovecaptionskip=\skip54
\belowcaptionskip=\skip55
\c@pti@nb@sid@b@x=\box28
Package tocbasic Info: omitting babel extension for `lof'
(tocbasic)             because of feature `nobabel' available
(tocbasic)             for `lof' on input line 6842.
\scr@dte@figure@maxnumwidth=\skip56
\c@figure=\count88
Package tocbasic Info: omitting babel extension for `lot'
(tocbasic)             because of feature `nobabel' available
(tocbasic)             for `lot' on input line 6859.
\scr@dte@table@maxnumwidth=\skip57
\c@table=\count89
Class scrreprt Info: Redefining `\numberline' on input line 7028.
\bibindent=\dimen102
) (preamble/packages.tex
(C:\Users\Robin\AppData\Local\Programs\MiKTeX\tex/generic/babel\babel.sty
Package: babel 2019/11/14 3.36 The Babel package

(C:\Users\Robin\AppData\Local\Programs\MiKTeX\tex/generic/babel\switch.def
File: switch.def 2019/11/14 3.36 Babel switching mechanism
)
*************************************
* Local config file bblopts.cfg used
*
(C:\Users\Robin\AppData\Local\Programs\MiKTeX\tex/latex/arabi\bblopts.cfg
File: bblopts.cfg 2005/09/08 v0.1 add Arabic and Farsi to "declared" options of
 babel
)
(C:\Users\Robin\AppData\Local\Programs\MiKTeX\tex/latex/babel-german\ngerman.ld
f
Language: ngerman 2018/12/08 v2.11 German support for babel (post-1996 orthogra
phy)

(C:\Users\Robin\AppData\Local\Programs\MiKTeX\tex/latex/babel-german\ngermanb.l
df
Language: ngermanb 2018/12/08 v2.11 German support for babel (post-1996 orthogr
aphy)
 (C:\Users\Robin\AppData\Local\Programs\MiKTeX\tex/generic/babel\babel.def
File: babel.def 2019/11/14 3.36 Babel common definitions
\babel@savecnt=\count90
\U@D=\dimen103

(C:\Users\Robin\AppData\Local\Programs\MiKTeX\tex/generic/babel\txtbabel.def)
\bbl@dirlevel=\count91
)
Package babel Info: Making " an active character on input line 121.
))) (C:\Users\Robin\AppData\Local\Programs\MiKTeX\tex/latex/ucs\ucs.sty
Package: ucs 2013/05/11 v2.2 UCS: Unicode input support

(C:\Users\Robin\AppData\Local\Programs\MiKTeX\tex/latex/ucs\uni-global.def
File: uni-global.def 2013/05/13 UCS: Unicode global data
)
\uc@secondtry=\count92
\uc@combtoks=\toks15
\uc@combtoksb=\toks16
\uc@temptokena=\toks17
)
(C:\Users\Robin\AppData\Local\Programs\MiKTeX\tex/latex/base\inputenc.sty
Package: inputenc 2018/08/11 v1.3c Input encoding file
\inpenc@prehook=\toks18
\inpenc@posthook=\toks19

(C:\Users\Robin\AppData\Local\Programs\MiKTeX\tex/latex/ucs\utf8x.def
File: utf8x.def 2004/10/17 UCS: Input encoding UTF-8
))
(C:\Users\Robin\AppData\Local\Programs\MiKTeX\tex/latex/base\fontenc.sty
Package: fontenc 2018/08/11 v2.0j Standard LaTeX package

(C:\Users\Robin\AppData\Local\Programs\MiKTeX\tex/latex/base\t1enc.def
File: t1enc.def 2018/08/11 v2.0j Standard LaTeX file
LaTeX Font Info:    Redeclaring font encoding T1 on input line 48.
))
(C:\Users\Robin\AppData\Local\Programs\MiKTeX\tex/latex/psnfss\helvet.sty
Package: helvet 2005/04/12 PSNFSS-v9.2a (WaS) 
)
(C:\Users\Robin\AppData\Local\Programs\MiKTeX\tex/latex/psnfss\courier.sty
Package: courier 2005/04/12 PSNFSS-v9.2a (WaS) 
)
(C:\Users\Robin\AppData\Local\Programs\MiKTeX\tex/latex/psnfss\mathptmx.sty
Package: mathptmx 2005/04/12 PSNFSS-v9.2a Times w/ Math, improved (SPQR, WaS) 
LaTeX Font Info:    Redeclaring symbol font `operators' on input line 28.
LaTeX Font Info:    Overwriting symbol font `operators' in version `normal'
(Font)                  OT1/cmr/m/n --> OT1/ztmcm/m/n on input line 28.
LaTeX Font Info:    Overwriting symbol font `operators' in version `bold'
(Font)                  OT1/cmr/bx/n --> OT1/ztmcm/m/n on input line 28.
LaTeX Font Info:    Redeclaring symbol font `letters' on input line 29.
LaTeX Font Info:    Overwriting symbol font `letters' in version `normal'
(Font)                  OML/cmm/m/it --> OML/ztmcm/m/it on input line 29.
LaTeX Font Info:    Overwriting symbol font `letters' in version `bold'
(Font)                  OML/cmm/b/it --> OML/ztmcm/m/it on input line 29.
LaTeX Font Info:    Redeclaring symbol font `symbols' on input line 30.
LaTeX Font Info:    Overwriting symbol font `symbols' in version `normal'
(Font)                  OMS/cmsy/m/n --> OMS/ztmcm/m/n on input line 30.
LaTeX Font Info:    Overwriting symbol font `symbols' in version `bold'
(Font)                  OMS/cmsy/b/n --> OMS/ztmcm/m/n on input line 30.
LaTeX Font Info:    Redeclaring symbol font `largesymbols' on input line 31.
LaTeX Font Info:    Overwriting symbol font `largesymbols' in version `normal'
(Font)                  OMX/cmex/m/n --> OMX/ztmcm/m/n on input line 31.
LaTeX Font Info:    Overwriting symbol font `largesymbols' in version `bold'
(Font)                  OMX/cmex/m/n --> OMX/ztmcm/m/n on input line 31.
\symbold=\mathgroup4
\symitalic=\mathgroup5
LaTeX Font Info:    Redeclaring math alphabet \mathbf on input line 34.
LaTeX Font Info:    Overwriting math alphabet `\mathbf' in version `normal'
(Font)                  OT1/cmr/bx/n --> OT1/ptm/bx/n on input line 34.
LaTeX Font Info:    Overwriting math alphabet `\mathbf' in version `bold'
(Font)                  OT1/cmr/bx/n --> OT1/ptm/bx/n on input line 34.
LaTeX Font Info:    Redeclaring math alphabet \mathit on input line 35.
LaTeX Font Info:    Overwriting math alphabet `\mathit' in version `normal'
(Font)                  OT1/cmr/m/it --> OT1/ptm/m/it on input line 35.
LaTeX Font Info:    Overwriting math alphabet `\mathit' in version `bold'
(Font)                  OT1/cmr/bx/it --> OT1/ptm/m/it on input line 35.
LaTeX Info: Redefining \hbar on input line 50.
)
(C:\Users\Robin\AppData\Local\Programs\MiKTeX\tex/latex/koma-script\scrpage2.st
y
Package: scrpage2 2020/01/24 v3.29 KOMA-Script package (page head and foot)


Package scrpage2 Warning: usage of obsolete package!
(scrpage2)                Package `scrpage2' is obsolete.
(scrpage2)                You should not longer use package `scrpage2'.
(scrpage2)                You should replace usage of package `scrpage2'
(scrpage2)                by `scrlayer-scrpage' on input line 52.

LaTeX Info: Redefining \pagemark on input line 180.
) (C:\Users\Robin\AppData\Local\Programs\MiKTeX\tex/latex/amsmath\amsmath.sty
Package: amsmath 2019/11/16 v2.17d AMS math features
\@mathmargin=\skip58

For additional information on amsmath, use the `?' option.
(C:\Users\Robin\AppData\Local\Programs\MiKTeX\tex/latex/amsmath\amstext.sty
Package: amstext 2000/06/29 v2.01 AMS text

(C:\Users\Robin\AppData\Local\Programs\MiKTeX\tex/latex/amsmath\amsgen.sty
File: amsgen.sty 1999/11/30 v2.0 generic functions
\@emptytoks=\toks20
\ex@=\dimen104
))
(C:\Users\Robin\AppData\Local\Programs\MiKTeX\tex/latex/amsmath\amsbsy.sty
Package: amsbsy 1999/11/29 v1.2d Bold Symbols
\pmbraise@=\dimen105
)
(C:\Users\Robin\AppData\Local\Programs\MiKTeX\tex/latex/amsmath\amsopn.sty
Package: amsopn 2016/03/08 v2.02 operator names
)
\inf@bad=\count93
LaTeX Info: Redefining \frac on input line 227.
\uproot@=\count94
\leftroot@=\count95
LaTeX Info: Redefining \overline on input line 389.
\classnum@=\count96
\DOTSCASE@=\count97
LaTeX Info: Redefining \ldots on input line 486.
LaTeX Info: Redefining \dots on input line 489.
LaTeX Info: Redefining \cdots on input line 610.
\Mathstrutbox@=\box29
\strutbox@=\box30
\big@size=\dimen106
LaTeX Font Info:    Redeclaring font encoding OML on input line 733.
LaTeX Font Info:    Redeclaring font encoding OMS on input line 734.
\macc@depth=\count98
\c@MaxMatrixCols=\count99
\dotsspace@=\muskip10
\c@parentequation=\count100
\dspbrk@lvl=\count101
\tag@help=\toks21
\row@=\count102
\column@=\count103
\maxfields@=\count104
\andhelp@=\toks22
\eqnshift@=\dimen107
\alignsep@=\dimen108
\tagshift@=\dimen109
\tagwidth@=\dimen110
\totwidth@=\dimen111
\lineht@=\dimen112
\@envbody=\toks23
\multlinegap=\skip59
\multlinetaggap=\skip60
\mathdisplay@stack=\toks24
LaTeX Info: Redefining \[ on input line 2858.
LaTeX Info: Redefining \] on input line 2859.
)
(C:\Users\Robin\AppData\Local\Programs\MiKTeX\tex/latex/amsfonts\amsfonts.sty
Package: amsfonts 2013/01/14 v3.01 Basic AMSFonts support
\symAMSa=\mathgroup6
\symAMSb=\mathgroup7
LaTeX Font Info:    Overwriting math alphabet `\mathfrak' in version `bold'
(Font)                  U/euf/m/n --> U/euf/b/n on input line 106.
)
(C:\Users\Robin\AppData\Local\Programs\MiKTeX\tex/latex/amsfonts\amssymb.sty
Package: amssymb 2013/01/14 v3.01 AMS font symbols
)
(C:\Users\Robin\AppData\Local\Programs\MiKTeX\tex/latex/amscls\amsthm.sty
Package: amsthm 2017/10/31 v2.20.4
\thm@style=\toks25
\thm@bodyfont=\toks26
\thm@headfont=\toks27
\thm@notefont=\toks28
\thm@headpunct=\toks29
\thm@preskip=\skip61
\thm@postskip=\skip62
\thm@headsep=\skip63
\dth@everypar=\toks30
)
(C:\Users\Robin\AppData\Local\Programs\MiKTeX\tex/latex/xpatch\xpatch.sty
(C:\Users\Robin\AppData\Local\Programs\MiKTeX\tex/latex/l3kernel\expl3.sty
Package: expl3 2019-11-07 L3 programming layer (loader) 

(C:\Users\Robin\AppData\Local\Programs\MiKTeX\tex/latex/l3kernel\expl3-code.tex
Package: expl3 2019-11-07 L3 programming layer (code)
\c_max_int=\count105
\l_tmpa_int=\count106
\l_tmpb_int=\count107
\g_tmpa_int=\count108
\g_tmpb_int=\count109
\l__seq_internal_a_int=\count110
\l__seq_internal_b_int=\count111
\g__kernel_prg_map_int=\count112
\c__ior_term_noprompt_ior=\count113
\c_log_iow=\count114
\l_iow_line_count_int=\count115
\l__iow_line_target_int=\count116
\l__iow_one_indent_int=\count117
\l__iow_indent_int=\count118
\c_zero_dim=\dimen113
\c_max_dim=\dimen114
\l_tmpa_dim=\dimen115
\l_tmpb_dim=\dimen116
\g_tmpa_dim=\dimen117
\g_tmpb_dim=\dimen118
\c_zero_skip=\skip64
\c_max_skip=\skip65
\l_tmpa_skip=\skip66
\l_tmpb_skip=\skip67
\g_tmpa_skip=\skip68
\g_tmpb_skip=\skip69
\c_zero_muskip=\muskip11
\c_max_muskip=\muskip12
\l_tmpa_muskip=\muskip13
\l_tmpb_muskip=\muskip14
\g_tmpa_muskip=\muskip15
\g_tmpb_muskip=\muskip16
\l_keys_choice_int=\count119
\l__intarray_loop_int=\count120
\c__intarray_sp_dim=\dimen119
\g__intarray_font_int=\count121
\c__fp_leading_shift_int=\count122
\c__fp_middle_shift_int=\count123
\c__fp_trailing_shift_int=\count124
\c__fp_big_leading_shift_int=\count125
\c__fp_big_middle_shift_int=\count126
\c__fp_big_trailing_shift_int=\count127
\c__fp_Bigg_leading_shift_int=\count128
\c__fp_Bigg_middle_shift_int=\count129
\c__fp_Bigg_trailing_shift_int=\count130
\c__kernel_randint_max_int=\count131
\g__fp_array_int=\count132
\l__fp_array_loop_int=\count133
\l__sort_length_int=\count134
\l__sort_min_int=\count135
\l__sort_top_int=\count136
\l__sort_max_int=\count137
\l__sort_true_max_int=\count138
\l__sort_block_int=\count139
\l__sort_begin_int=\count140
\l__sort_end_int=\count141
\l__sort_A_int=\count142
\l__sort_B_int=\count143
\l__sort_C_int=\count144
\l__str_internal_int=\count145
\c__str_replacement_char_int=\count146
\l__tl_analysis_normal_int=\count147
\l__tl_analysis_index_int=\count148
\l__tl_analysis_nesting_int=\count149
\l__tl_analysis_type_int=\count150
\l__regex_internal_a_int=\count151
\l__regex_internal_b_int=\count152
\l__regex_internal_c_int=\count153
\l__regex_balance_int=\count154
\l__regex_group_level_int=\count155
\l__regex_mode_int=\count156
\c__regex_cs_in_class_mode_int=\count157
\c__regex_cs_mode_int=\count158
\l__regex_catcodes_int=\count159
\l__regex_default_catcodes_int=\count160
\c__regex_catcode_D_int=\count161
\c__regex_catcode_S_int=\count162
\c__regex_catcode_L_int=\count163
\c__regex_catcode_O_int=\count164
\c__regex_catcode_A_int=\count165
\c__regex_all_catcodes_int=\count166
\l__regex_show_lines_int=\count167
\l__regex_min_state_int=\count168
\l__regex_max_state_int=\count169
\l__regex_left_state_int=\count170
\l__regex_right_state_int=\count171
\l__regex_capturing_group_int=\count172
\l__regex_min_pos_int=\count173
\l__regex_max_pos_int=\count174
\l__regex_curr_pos_int=\count175
\l__regex_start_pos_int=\count176
\l__regex_success_pos_int=\count177
\l__regex_curr_char_int=\count178
\l__regex_curr_catcode_int=\count179
\l__regex_last_char_int=\count180
\l__regex_case_changed_char_int=\count181
\l__regex_curr_state_int=\count182
\l__regex_step_int=\count183
\l__regex_min_active_int=\count184
\l__regex_max_active_int=\count185
\l__regex_replacement_csnames_int=\count186
\l__regex_match_count_int=\count187
\l__regex_min_submatch_int=\count188
\l__regex_submatch_int=\count189
\l__regex_zeroth_submatch_int=\count190
\g__regex_trace_regex_int=\count191
\c_empty_box=\box31
\l_tmpa_box=\box32
\l_tmpb_box=\box33
\g_tmpa_box=\box34
\g_tmpb_box=\box35
\l__box_top_dim=\dimen120
\l__box_bottom_dim=\dimen121
\l__box_left_dim=\dimen122
\l__box_right_dim=\dimen123
\l__box_top_new_dim=\dimen124
\l__box_bottom_new_dim=\dimen125
\l__box_left_new_dim=\dimen126
\l__box_right_new_dim=\dimen127
\l__box_internal_box=\box36
\l__coffin_internal_box=\box37
\l__coffin_internal_dim=\dimen128
\l__coffin_offset_x_dim=\dimen129
\l__coffin_offset_y_dim=\dimen130
\l__coffin_x_dim=\dimen131
\l__coffin_y_dim=\dimen132
\l__coffin_x_prime_dim=\dimen133
\l__coffin_y_prime_dim=\dimen134
\c_empty_coffin=\box38
\l__coffin_aligned_coffin=\box39
\l__coffin_aligned_internal_coffin=\box40
\l_tmpa_coffin=\box41
\l_tmpb_coffin=\box42
\g_tmpa_coffin=\box43
\g_tmpb_coffin=\box44
\l__coffin_bounding_shift_dim=\dimen135
\l__coffin_left_corner_dim=\dimen136
\l__coffin_right_corner_dim=\dimen137
\l__coffin_bottom_corner_dim=\dimen138
\l__coffin_top_corner_dim=\dimen139
\l__coffin_scaled_total_height_dim=\dimen140
\l__coffin_scaled_width_dim=\dimen141
\c__coffin_empty_coffin=\box45
\l__coffin_display_coffin=\box46
\l__coffin_display_coord_coffin=\box47
\l__coffin_display_pole_coffin=\box48
\l__coffin_display_offset_dim=\dimen142
\l__coffin_display_x_dim=\dimen143
\l__coffin_display_y_dim=\dimen144
\g__char_data_ior=\read1

(C:\Users\Robin\AppData\Local\Programs\MiKTeX\tex/latex/l3kernel\l3deprecation.
def
File: l3deprecation.def 2019-04-06 v L3 Deprecated functions
))
(C:\Users\Robin\AppData\Local\Programs\MiKTeX\tex/latex/l3backend\l3backend-pdf
mode.def
File: l3backend-pdfmode.def 2019-04-06 L3 backend support: PDF mode
\l__kernel_color_stack_int=\count192
\l__pdf_internal_box=\box49
))
Package: xpatch 2012/10/02 v0.3 Extending etoolbox patching commands

(C:\Users\Robin\AppData\Local\Programs\MiKTeX\tex/latex/l3packages/xparse\xpars
e.sty
Package: xparse 2019-10-11 L3 Experimental document command parser
\l__xparse_current_arg_int=\count193
\g__xparse_grabber_int=\count194
\l__xparse_m_args_int=\count195
\l__xparse_v_nesting_int=\count196
)
(C:\Users\Robin\AppData\Local\Programs\MiKTeX\tex/latex/etoolbox\etoolbox.sty
Package: etoolbox 2019/09/21 v2.5h e-TeX tools for LaTeX (JAW)
\etb@tempcnta=\count197
))
Class scrreprt Info: amsthm's \deferred@thm@head patched.
(C:\Users\Robin\AppData\Local\Programs\MiKTeX\tex/latex/units\units.sty
Package: units 1998/08/04 v0.9b Typesetting units

(C:\Users\Robin\AppData\Local\Programs\MiKTeX\tex/latex/base\ifthen.sty
Package: ifthen 2014/09/29 v1.1c Standard LaTeX ifthen package (DPC)
)
(C:\Users\Robin\AppData\Local\Programs\MiKTeX\tex/latex/units\nicefrac.sty
Package: nicefrac 1998/08/04 v0.9b Nice fractions
\L@UnitsRaiseDisplaystyle=\skip70
\L@UnitsRaiseTextstyle=\skip71
\L@UnitsRaiseScriptstyle=\skip72
))
(C:\Users\Robin\AppData\Local\Programs\MiKTeX\tex/latex/hyperref\hyperref.sty
Package: hyperref 2019/11/10 v7.00c Hypertext links for LaTeX

(C:\Users\Robin\AppData\Local\Programs\MiKTeX\tex/generic/oberdiek\ltxcmds.sty
Package: ltxcmds 2016/05/16 v1.23 LaTeX kernel commands for general use (HO)
) (C:\Users\Robin\AppData\Local\Programs\MiKTeX\tex/generic/iftex\iftex.sty
Package: iftex 2019/11/07 v1.0c TeX engine tests
)
(C:\Users\Robin\AppData\Local\Programs\MiKTeX\tex/latex/pdftexcmds\pdftexcmds.s
ty
Package: pdftexcmds 2019/11/24 v0.31 Utility functions of pdfTeX for LuaTeX (HO
)

(C:\Users\Robin\AppData\Local\Programs\MiKTeX\tex/generic/oberdiek\infwarerr.st
y
Package: infwarerr 2016/05/16 v1.4 Providing info/warning/error messages (HO)
)
Package pdftexcmds Info: \pdf@primitive is available.
Package pdftexcmds Info: \pdf@ifprimitive is available.
Package pdftexcmds Info: \pdfdraftmode found.
)
(C:\Users\Robin\AppData\Local\Programs\MiKTeX\tex/generic/oberdiek\kvsetkeys.st
y
Package: kvsetkeys 2016/05/16 v1.17 Key value parser (HO)

(C:\Users\Robin\AppData\Local\Programs\MiKTeX\tex/generic/oberdiek\etexcmds.sty
Package: etexcmds 2016/05/16 v1.6 Avoid name clashes with e-TeX commands (HO)
(C:\Users\Robin\AppData\Local\Programs\MiKTeX\tex/generic/iftex\ifluatex.sty
Package: ifluatex 2019/10/25 v1.5 ifluatex legacy package. Use iftex instead.
)))
(C:\Users\Robin\AppData\Local\Programs\MiKTeX\tex/generic/oberdiek\kvdefinekeys
.sty
Package: kvdefinekeys 2016/05/16 v1.4 Define keys (HO)
)
(C:\Users\Robin\AppData\Local\Programs\MiKTeX\tex/generic/oberdiek\pdfescape.st
y
Package: pdfescape 2016/05/16 v1.14 Implements pdfTeX's escape features (HO)
) (C:\Users\Robin\AppData\Local\Programs\MiKTeX\tex/latex/oberdiek\hycolor.sty
Package: hycolor 2016/05/16 v1.8 Color options for hyperref/bookmark (HO)

(C:\Users\Robin\AppData\Local\Programs\MiKTeX\tex/latex/oberdiek\xcolor-patch.s
ty
Package: xcolor-patch 2016/05/16 xcolor patch
 (C:\Users\Robin\AppData\Local\Programs\MiKTeX\tex/latex/oberdiek\hopatch.sty
Package: hopatch 2016/05/16 v1.3 Wrapper for package hooks (HO)
)))
(C:\Users\Robin\AppData\Local\Programs\MiKTeX\tex/latex/oberdiek\letltxmacro.st
y
Package: letltxmacro 2016/05/16 v1.5 Let assignment for LaTeX macros (HO)
) (C:\Users\Robin\AppData\Local\Programs\MiKTeX\tex/latex/oberdiek\auxhook.sty
Package: auxhook 2016/05/16 v1.4 Hooks for auxiliary files (HO)
)
(C:\Users\Robin\AppData\Local\Programs\MiKTeX\tex/latex/oberdiek\kvoptions.sty
Package: kvoptions 2016/05/16 v3.12 Key value format for package options (HO)
)
\@linkdim=\dimen145
\Hy@linkcounter=\count198
\Hy@pagecounter=\count199
(C:\Users\Robin\AppData\Local\Programs\MiKTeX\tex/latex/hyperref\pd1enc.def
File: pd1enc.def 2019/11/10 v7.00c Hyperref: PDFDocEncoding definition (HO)
)
(C:\Users\Robin\AppData\Local\Programs\MiKTeX\tex/generic/oberdiek\intcalc.sty
Package: intcalc 2016/05/16 v1.2 Expandable calculations with integers (HO)
)
\Hy@SavedSpaceFactor=\count266
(C:\Users\Robin\AppData\Local\Programs\MiKTeX\tex/latex/00miktex\hyperref.cfg
File: hyperref.cfg 2002/06/06 v1.2 hyperref configuration of TeXLive
)
Package hyperref Info: Hyper figures OFF on input line 4535.
Package hyperref Info: Link nesting OFF on input line 4540.
Package hyperref Info: Hyper index ON on input line 4543.
Package hyperref Info: Plain pages OFF on input line 4550.
Package hyperref Info: Backreferencing OFF on input line 4555.
Package hyperref Info: Implicit mode ON; LaTeX internals redefined.
Package hyperref Info: Bookmarks ON on input line 4788.
\c@Hy@tempcnt=\count267

(C:\Users\Robin\AppData\Local\Programs\MiKTeX\tex/latex/url\url.sty
\Urlmuskip=\muskip17
Package: url 2013/09/16  ver 3.4  Verb mode for urls, etc.
)
LaTeX Info: Redefining \url on input line 5147.
\XeTeXLinkMargin=\dimen146

(C:\Users\Robin\AppData\Local\Programs\MiKTeX\tex/generic/oberdiek\bitset.sty
Package: bitset 2016/05/16 v1.2 Handle bit-vector datatype (HO)

(C:\Users\Robin\AppData\Local\Programs\MiKTeX\tex/generic/oberdiek\bigintcalc.s
ty
Package: bigintcalc 2016/05/16 v1.4 Expandable calculations on big integers (HO
)
))
\Fld@menulength=\count268
\Field@Width=\dimen147
\Fld@charsize=\dimen148
Package hyperref Info: Hyper figures OFF on input line 6418.
Package hyperref Info: Link nesting OFF on input line 6423.
Package hyperref Info: Hyper index ON on input line 6426.
Package hyperref Info: backreferencing OFF on input line 6433.
Package hyperref Info: Link coloring OFF on input line 6438.
Package hyperref Info: Link coloring with OCG OFF on input line 6443.
Package hyperref Info: PDF/A mode OFF on input line 6448.
LaTeX Info: Redefining \ref on input line 6488.
LaTeX Info: Redefining \pageref on input line 6492.

(C:\Users\Robin\AppData\Local\Programs\MiKTeX\tex/generic/oberdiek\atbegshi.sty
Package: atbegshi 2016/06/09 v1.18 At begin shipout hook (HO)
(C:\Users\Robin\AppData\Local\Programs\MiKTeX\tex/generic/iftex\ifpdf.sty
Package: ifpdf 2019/10/25 v3.4 ifpdf legacy package. Use iftex instead.
))
\Hy@abspage=\count269
\c@Item=\count270
\c@Hfootnote=\count271
)
Package hyperref Info: Driver (autodetected): hpdftex.

(C:\Users\Robin\AppData\Local\Programs\MiKTeX\tex/latex/hyperref\hpdftex.def
File: hpdftex.def 2019/11/10 v7.00c Hyperref driver for pdfTeX

(C:\Users\Robin\AppData\Local\Programs\MiKTeX\tex/latex/oberdiek\atveryend.sty
Package: atveryend 2016/05/16 v1.9 Hooks at the very end of document (HO)
)
\Fld@listcount=\count272
\c@bookmark@seq@number=\count273

(C:\Users\Robin\AppData\Local\Programs\MiKTeX\tex/latex/oberdiek\rerunfilecheck
.sty
Package: rerunfilecheck 2016/05/16 v1.8 Rerun checks for auxiliary files (HO)

(C:\Users\Robin\AppData\Local\Programs\MiKTeX\tex/generic/oberdiek\uniquecounte
r.sty
Package: uniquecounter 2016/05/16 v1.3 Provide unlimited unique counter (HO)
)
Package uniquecounter Info: New unique counter `rerunfilecheck' on input line 2
85.
)
\Hy@SectionHShift=\skip73
)
(C:\Users\Robin\AppData\Local\Programs\MiKTeX\tex/latex/float\float.sty
Package: float 2001/11/08 v1.3d Float enhancements (AL)
\c@float@type=\count274
\float@exts=\toks31
\float@box=\box50
\@float@everytoks=\toks32
\@floatcapt=\box51
)
(C:\Users\Robin\AppData\Local\Programs\MiKTeX\tex/latex/tools\tabularx.sty
Package: tabularx 2016/02/03 v2.11b `tabularx' package (DPC)

(C:\Users\Robin\AppData\Local\Programs\MiKTeX\tex/latex/tools\array.sty
Package: array 2019/08/31 v2.4l Tabular extension package (FMi)
\col@sep=\dimen149
\ar@mcellbox=\box52
\extrarowheight=\dimen150
\NC@list=\toks33
\extratabsurround=\skip74
\backup@length=\skip75
\ar@cellbox=\box53
)
\TX@col@width=\dimen151
\TX@old@table=\dimen152
\TX@old@col=\dimen153
\TX@target=\dimen154
\TX@delta=\dimen155
\TX@cols=\count275
\TX@ftn=\toks34
)
(C:\Users\Robin\AppData\Local\Programs\MiKTeX\tex/latex/caption\caption.sty
Package: caption 2020/01/03 v3.4h Customizing captions (AR)

(C:\Users\Robin\AppData\Local\Programs\MiKTeX\tex/latex/caption\caption3.sty
Package: caption3 2020/01/03 v1.8h caption3 kernel (AR)
Package caption3 Info: TeX engine: e-TeX on input line 61.
\captionmargin=\dimen156
\captionmargin@=\dimen157
\captionwidth=\dimen158
\caption@tempdima=\dimen159
\caption@indent=\dimen160
\caption@parindent=\dimen161
\caption@hangindent=\dimen162
Package caption Info: KOMA-Script document class detected.
)
Package caption Info: KOMA-Script document class.
\c@caption@flags=\count276
\c@continuedfloat=\count277
Package caption Info: float package is loaded.
Package caption Info: hyperref package is loaded.
)
(C:\Users\Robin\AppData\Local\Programs\MiKTeX\tex/latex/algorithmicx\algpseudoc
ode.sty
Package: algpseudocode 

(C:\Users\Robin\AppData\Local\Programs\MiKTeX\tex/latex/algorithmicx\algorithmi
cx.sty
Package: algorithmicx 2005/04/27 v1.2 Algorithmicx

Document Style algorithmicx 1.2 - a greatly improved `algorithmic' style
\c@ALG@line=\count278
\c@ALG@rem=\count279
\c@ALG@nested=\count280
\ALG@tlm=\skip76
\ALG@thistlm=\skip77
\c@ALG@Lnr=\count281
\c@ALG@blocknr=\count282
\c@ALG@storecount=\count283
\c@ALG@tmpcounter=\count284
\ALG@tmplength=\skip78
)
Document Style - pseudocode environments for use with the `algorithmicx' style
) (C:\Users\Robin\AppData\Local\Programs\MiKTeX\tex/latex/listings\listings.sty
\lst@mode=\count285
\lst@gtempboxa=\box54
\lst@token=\toks35
\lst@length=\count286
\lst@currlwidth=\dimen163
\lst@column=\count287
\lst@pos=\count288
\lst@lostspace=\dimen164
\lst@width=\dimen165
\lst@newlines=\count289
\lst@lineno=\count290
\lst@maxwidth=\dimen166
(C:\Users\Robin\AppData\Local\Programs\MiKTeX\tex/latex/listings\lstmisc.sty
File: lstmisc.sty 2019/09/10 1.8c (Carsten Heinz)
\c@lstnumber=\count291
\lst@skipnumbers=\count292
\lst@framebox=\box55
)
(C:\Users\Robin\AppData\Local\Programs\MiKTeX\tex/latex/listings\listings.cfg
File: listings.cfg 2019/09/10 1.8c listings configuration
))
Package: listings 2019/09/10 1.8c (Carsten Heinz)
(C:\Users\Robin\AppData\Local\Programs\MiKTeX\tex/latex/graphics\graphicx.sty
Package: graphicx 2017/06/01 v1.1a Enhanced LaTeX Graphics (DPC,SPQR)

(C:\Users\Robin\AppData\Local\Programs\MiKTeX\tex/latex/graphics\graphics.sty
Package: graphics 2019/11/01 v1.3d Standard LaTeX Graphics (DPC,SPQR)

(C:\Users\Robin\AppData\Local\Programs\MiKTeX\tex/latex/graphics\trig.sty
Package: trig 2016/01/03 v1.10 sin cos tan (DPC)
)
(C:\Users\Robin\AppData\Local\Programs\MiKTeX\tex/latex/graphics-cfg\graphics.c
fg
File: graphics.cfg 2016/06/04 v1.11 sample graphics configuration
)
Package graphics Info: Driver file: pdftex.def on input line 105.

(C:\Users\Robin\AppData\Local\Programs\MiKTeX\tex/latex/graphics-def\pdftex.def
File: pdftex.def 2018/01/08 v1.0l Graphics/color driver for pdftex
))
\Gin@req@height=\dimen167
\Gin@req@width=\dimen168
) (C:\Users\Robin\AppData\Local\Programs\MiKTeX\tex/latex/textpos\textpos.sty
Package: textpos 2019/04/15 v1.9.1
Package: textpos 2019/04/15 1.9.1, absolute positioning of text on the page
\TP@textbox=\box56
\TPHorizModule=\dimen169
\TPVertModule=\dimen170
\TP@margin=\dimen171
\TP@absmargin=\dimen172
Grid set 16 x 16 = 37.34424pt x 52.81543pt
\TPboxrulesize=\dimen173
\TP@tbargs=\toks36
\TP@prevdepth=\dimen174
) (C:\Users\Robin\AppData\Local\Programs\MiKTeX\tex/latex/xcolor\xcolor.sty
Package: xcolor 2016/05/11 v2.12 LaTeX color extensions (UK)

(C:\Users\Robin\AppData\Local\Programs\MiKTeX\tex/latex/graphics-cfg\color.cfg
File: color.cfg 2016/01/02 v1.6 sample color configuration
)
Package xcolor Info: Driver file: pdftex.def on input line 225.
Package xcolor Info: Model `cmy' substituted by `cmy0' on input line 1348.
Package xcolor Info: Model `hsb' substituted by `rgb' on input line 1352.
Package xcolor Info: Model `RGB' extended on input line 1364.
Package xcolor Info: Model `HTML' substituted by `rgb' on input line 1366.
Package xcolor Info: Model `Hsb' substituted by `hsb' on input line 1367.
Package xcolor Info: Model `tHsb' substituted by `hsb' on input line 1368.
Package xcolor Info: Model `HSB' substituted by `hsb' on input line 1369.
Package xcolor Info: Model `Gray' substituted by `gray' on input line 1370.
Package xcolor Info: Model `wave' substituted by `hsb' on input line 1371.
) (C:\Users\Robin\AppData\Local\Programs\MiKTeX\tex/latex/acronym\acronym.sty
Package: acronym 2019/11/11 v1.42 Support for acronyms (Tobias Oetiker)

(C:\Users\Robin\AppData\Local\Programs\MiKTeX\tex/latex/bigfoot\suffix.sty
Package: suffix 2006/07/15 1.5a Variant command support
)
(C:\Users\Robin\AppData\Local\Programs\MiKTeX\tex/latex/xstring\xstring.sty
(C:\Users\Robin\AppData\Local\Programs\MiKTeX\tex/generic/xstring\xstring.tex
\integerpart=\count293
\decimalpart=\count294
)
Package: xstring 2019/02/06 v1.83 String manipulations (CT)
)
\AC@clearlist=\toks37
) (C:\Users\Robin\AppData\Local\Programs\MiKTeX\tex/latex/pdfpages\pdfpages.sty
Package: pdfpages 2020/01/28 v0.5q Insert pages of external PDF documents (AM)
(C:\Users\Robin\AppData\Local\Programs\MiKTeX\tex/latex/tools\calc.sty
Package: calc 2017/05/25 v4.3 Infix arithmetic (KKT,FJ)
\calc@Acount=\count295
\calc@Bcount=\count296
\calc@Adimen=\dimen175
\calc@Bdimen=\dimen176
\calc@Askip=\skip79
\calc@Bskip=\skip80
LaTeX Info: Redefining \setlength on input line 80.
LaTeX Info: Redefining \addtolength on input line 81.
\calc@Ccount=\count297
\calc@Cskip=\skip81
)
(C:\Users\Robin\AppData\Local\Programs\MiKTeX\tex/latex/eso-pic\eso-pic.sty
Package: eso-pic 2018/04/12 v2.0h eso-pic (RN)
)
\AM@pagewidth=\dimen177
\AM@pageheight=\dimen178

(C:\Users\Robin\AppData\Local\Programs\MiKTeX\tex/latex/pdfpages\pppdftex.def
File: pppdftex.def 2020/01/28 v0.5q Pdfpages driver for pdfTeX (AM)
)
\AM@pagebox=\box57
\AM@global@opts=\toks38
\AM@pagecnt=\count298
\AM@toc@title=\toks39
\c@AM@survey=\count299
\AM@templatesizebox=\box58
) (C:\Users\Robin\AppData\Local\Programs\MiKTeX\tex/latex/natbib\natbib.sty
Package: natbib 2010/09/13 8.31b (PWD, AO)
\bibhang=\skip82
\bibsep=\skip83
LaTeX Info: Redefining \cite on input line 694.
\c@NAT@ctr=\count300
)
(C:\Users\Robin\AppData\Local\Programs\MiKTeX\tex/latex/todonotes\todonotes.sty
Package: todonotes 2019/01/24 v1.1.2 Todonotes source and documentation.
Package: todonotes 2018/11/22
(C:\Users\Robin\AppData\Local\Programs\MiKTeX\tex/latex/xkeyval\xkeyval.sty
Package: xkeyval 2014/12/03 v2.7a package option processing (HA)

(C:\Users\Robin\AppData\Local\Programs\MiKTeX\tex/generic/xkeyval\xkeyval.tex
(C:\Users\Robin\AppData\Local\Programs\MiKTeX\tex/generic/xkeyval\xkvutils.tex
\XKV@toks=\toks40
\XKV@tempa@toks=\toks41
)
\XKV@depth=\count301
File: xkeyval.tex 2014/12/03 v2.7a key=value parser (HA)
))
(C:\Users\Robin\AppData\Local\Programs\MiKTeX\tex/latex/pgf/frontendlayer\tikz.
sty
(C:\Users\Robin\AppData\Local\Programs\MiKTeX\tex/latex/pgf/basiclayer\pgf.sty
(C:\Users\Robin\AppData\Local\Programs\MiKTeX\tex/latex/pgf/utilities\pgfrcs.st
y
(C:\Users\Robin\AppData\Local\Programs\MiKTeX\tex/generic/pgf/utilities\pgfutil
-common.tex
\pgfutil@everybye=\toks42
\pgfutil@tempdima=\dimen179
\pgfutil@tempdimb=\dimen180

(C:\Users\Robin\AppData\Local\Programs\MiKTeX\tex/generic/pgf/utilities\pgfutil
-common-lists.tex))
(C:\Users\Robin\AppData\Local\Programs\MiKTeX\tex/generic/pgf/utilities\pgfutil
-latex.def
\pgfutil@abb=\box59

(C:\Users\Robin\AppData\Local\Programs\MiKTeX\tex/latex/ms\everyshi.sty
Package: everyshi 2001/05/15 v3.00 EveryShipout Package (MS)
))
(C:\Users\Robin\AppData\Local\Programs\MiKTeX\tex/generic/pgf/utilities\pgfrcs.
code.tex
(C:\Users\Robin\AppData\Local\Programs\MiKTeX\tex/generic/pgf\pgf.revision.tex)
Package: pgfrcs 2020/01/08 v3.1.5b (3.1.5b)
))
Package: pgf 2020/01/08 v3.1.5b (3.1.5b)

(C:\Users\Robin\AppData\Local\Programs\MiKTeX\tex/latex/pgf/basiclayer\pgfcore.
sty
(C:\Users\Robin\AppData\Local\Programs\MiKTeX\tex/latex/pgf/systemlayer\pgfsys.
sty
(C:\Users\Robin\AppData\Local\Programs\MiKTeX\tex/generic/pgf/systemlayer\pgfsy
s.code.tex
Package: pgfsys 2020/01/08 v3.1.5b (3.1.5b)

(C:\Users\Robin\AppData\Local\Programs\MiKTeX\tex/generic/pgf/utilities\pgfkeys
.code.tex
\pgfkeys@pathtoks=\toks43
\pgfkeys@temptoks=\toks44

(C:\Users\Robin\AppData\Local\Programs\MiKTeX\tex/generic/pgf/utilities\pgfkeys
filtered.code.tex
\pgfkeys@tmptoks=\toks45
))
\pgf@x=\dimen181
\pgf@y=\dimen182
\pgf@xa=\dimen183
\pgf@ya=\dimen184
\pgf@xb=\dimen185
\pgf@yb=\dimen186
\pgf@xc=\dimen187
\pgf@yc=\dimen188
\pgf@xd=\dimen189
\pgf@yd=\dimen190
\w@pgf@writea=\write3
\r@pgf@reada=\read2
\c@pgf@counta=\count302
\c@pgf@countb=\count303
\c@pgf@countc=\count304
\c@pgf@countd=\count305
\t@pgf@toka=\toks46
\t@pgf@tokb=\toks47
\t@pgf@tokc=\toks48
\pgf@sys@id@count=\count306

(C:\Users\Robin\AppData\Local\Programs\MiKTeX\tex/generic/pgf/systemlayer\pgf.c
fg
File: pgf.cfg 2020/01/08 v3.1.5b (3.1.5b)
)
Driver file for pgf: pgfsys-pdftex.def

(C:\Users\Robin\AppData\Local\Programs\MiKTeX\tex/generic/pgf/systemlayer\pgfsy
s-pdftex.def
File: pgfsys-pdftex.def 2020/01/08 v3.1.5b (3.1.5b)

(C:\Users\Robin\AppData\Local\Programs\MiKTeX\tex/generic/pgf/systemlayer\pgfsy
s-common-pdf.def
File: pgfsys-common-pdf.def 2020/01/08 v3.1.5b (3.1.5b)
)))
(C:\Users\Robin\AppData\Local\Programs\MiKTeX\tex/generic/pgf/systemlayer\pgfsy
ssoftpath.code.tex
File: pgfsyssoftpath.code.tex 2020/01/08 v3.1.5b (3.1.5b)
\pgfsyssoftpath@smallbuffer@items=\count307
\pgfsyssoftpath@bigbuffer@items=\count308
)
(C:\Users\Robin\AppData\Local\Programs\MiKTeX\tex/generic/pgf/systemlayer\pgfsy
sprotocol.code.tex
File: pgfsysprotocol.code.tex 2020/01/08 v3.1.5b (3.1.5b)
))
(C:\Users\Robin\AppData\Local\Programs\MiKTeX\tex/generic/pgf/basiclayer\pgfcor
e.code.tex
Package: pgfcore 2020/01/08 v3.1.5b (3.1.5b)

(C:\Users\Robin\AppData\Local\Programs\MiKTeX\tex/generic/pgf/math\pgfmath.code
.tex
(C:\Users\Robin\AppData\Local\Programs\MiKTeX\tex/generic/pgf/math\pgfmathcalc.
code.tex
(C:\Users\Robin\AppData\Local\Programs\MiKTeX\tex/generic/pgf/math\pgfmathutil.
code.tex)
(C:\Users\Robin\AppData\Local\Programs\MiKTeX\tex/generic/pgf/math\pgfmathparse
r.code.tex
\pgfmath@dimen=\dimen191
\pgfmath@count=\count309
\pgfmath@box=\box60
\pgfmath@toks=\toks49
\pgfmath@stack@operand=\toks50
\pgfmath@stack@operation=\toks51
)
(C:\Users\Robin\AppData\Local\Programs\MiKTeX\tex/generic/pgf/math\pgfmathfunct
ions.code.tex
(C:\Users\Robin\AppData\Local\Programs\MiKTeX\tex/generic/pgf/math\pgfmathfunct
ions.basic.code.tex)
(C:\Users\Robin\AppData\Local\Programs\MiKTeX\tex/generic/pgf/math\pgfmathfunct
ions.trigonometric.code.tex)
(C:\Users\Robin\AppData\Local\Programs\MiKTeX\tex/generic/pgf/math\pgfmathfunct
ions.random.code.tex)
(C:\Users\Robin\AppData\Local\Programs\MiKTeX\tex/generic/pgf/math\pgfmathfunct
ions.comparison.code.tex)
(C:\Users\Robin\AppData\Local\Programs\MiKTeX\tex/generic/pgf/math\pgfmathfunct
ions.base.code.tex)
(C:\Users\Robin\AppData\Local\Programs\MiKTeX\tex/generic/pgf/math\pgfmathfunct
ions.round.code.tex)
(C:\Users\Robin\AppData\Local\Programs\MiKTeX\tex/generic/pgf/math\pgfmathfunct
ions.misc.code.tex)
(C:\Users\Robin\AppData\Local\Programs\MiKTeX\tex/generic/pgf/math\pgfmathfunct
ions.integerarithmetics.code.tex)))
(C:\Users\Robin\AppData\Local\Programs\MiKTeX\tex/generic/pgf/math\pgfmathfloat
.code.tex
\c@pgfmathroundto@lastzeros=\count310
))
(C:\Users\Robin\AppData\Local\Programs\MiKTeX\tex/generic/pgf/math\pgfint.code.
tex)
(C:\Users\Robin\AppData\Local\Programs\MiKTeX\tex/generic/pgf/basiclayer\pgfcor
epoints.code.tex
File: pgfcorepoints.code.tex 2020/01/08 v3.1.5b (3.1.5b)
\pgf@picminx=\dimen192
\pgf@picmaxx=\dimen193
\pgf@picminy=\dimen194
\pgf@picmaxy=\dimen195
\pgf@pathminx=\dimen196
\pgf@pathmaxx=\dimen197
\pgf@pathminy=\dimen198
\pgf@pathmaxy=\dimen199
\pgf@xx=\dimen256
\pgf@xy=\dimen257
\pgf@yx=\dimen258
\pgf@yy=\dimen259
\pgf@zx=\dimen260
\pgf@zy=\dimen261
)
(C:\Users\Robin\AppData\Local\Programs\MiKTeX\tex/generic/pgf/basiclayer\pgfcor
epathconstruct.code.tex
File: pgfcorepathconstruct.code.tex 2020/01/08 v3.1.5b (3.1.5b)
\pgf@path@lastx=\dimen262
\pgf@path@lasty=\dimen263
)
(C:\Users\Robin\AppData\Local\Programs\MiKTeX\tex/generic/pgf/basiclayer\pgfcor
epathusage.code.tex
File: pgfcorepathusage.code.tex 2020/01/08 v3.1.5b (3.1.5b)
\pgf@shorten@end@additional=\dimen264
\pgf@shorten@start@additional=\dimen265
)
(C:\Users\Robin\AppData\Local\Programs\MiKTeX\tex/generic/pgf/basiclayer\pgfcor
escopes.code.tex
File: pgfcorescopes.code.tex 2020/01/08 v3.1.5b (3.1.5b)
\pgfpic=\box61
\pgf@hbox=\box62
\pgf@layerbox@main=\box63
\pgf@picture@serial@count=\count311
)
(C:\Users\Robin\AppData\Local\Programs\MiKTeX\tex/generic/pgf/basiclayer\pgfcor
egraphicstate.code.tex
File: pgfcoregraphicstate.code.tex 2020/01/08 v3.1.5b (3.1.5b)
\pgflinewidth=\dimen266
)
(C:\Users\Robin\AppData\Local\Programs\MiKTeX\tex/generic/pgf/basiclayer\pgfcor
etransformations.code.tex
File: pgfcoretransformations.code.tex 2020/01/08 v3.1.5b (3.1.5b)
\pgf@pt@x=\dimen267
\pgf@pt@y=\dimen268
\pgf@pt@temp=\dimen269
)
(C:\Users\Robin\AppData\Local\Programs\MiKTeX\tex/generic/pgf/basiclayer\pgfcor
equick.code.tex
File: pgfcorequick.code.tex 2020/01/08 v3.1.5b (3.1.5b)
)
(C:\Users\Robin\AppData\Local\Programs\MiKTeX\tex/generic/pgf/basiclayer\pgfcor
eobjects.code.tex
File: pgfcoreobjects.code.tex 2020/01/08 v3.1.5b (3.1.5b)
)
(C:\Users\Robin\AppData\Local\Programs\MiKTeX\tex/generic/pgf/basiclayer\pgfcor
epathprocessing.code.tex
File: pgfcorepathprocessing.code.tex 2020/01/08 v3.1.5b (3.1.5b)
)
(C:\Users\Robin\AppData\Local\Programs\MiKTeX\tex/generic/pgf/basiclayer\pgfcor
earrows.code.tex
File: pgfcorearrows.code.tex 2020/01/08 v3.1.5b (3.1.5b)
\pgfarrowsep=\dimen270
)
(C:\Users\Robin\AppData\Local\Programs\MiKTeX\tex/generic/pgf/basiclayer\pgfcor
eshade.code.tex
File: pgfcoreshade.code.tex 2020/01/08 v3.1.5b (3.1.5b)
\pgf@max=\dimen271
\pgf@sys@shading@range@num=\count312
\pgf@shadingcount=\count313
)
(C:\Users\Robin\AppData\Local\Programs\MiKTeX\tex/generic/pgf/basiclayer\pgfcor
eimage.code.tex
File: pgfcoreimage.code.tex 2020/01/08 v3.1.5b (3.1.5b)

(C:\Users\Robin\AppData\Local\Programs\MiKTeX\tex/generic/pgf/basiclayer\pgfcor
eexternal.code.tex
File: pgfcoreexternal.code.tex 2020/01/08 v3.1.5b (3.1.5b)
\pgfexternal@startupbox=\box64
))
(C:\Users\Robin\AppData\Local\Programs\MiKTeX\tex/generic/pgf/basiclayer\pgfcor
elayers.code.tex
File: pgfcorelayers.code.tex 2020/01/08 v3.1.5b (3.1.5b)
)
(C:\Users\Robin\AppData\Local\Programs\MiKTeX\tex/generic/pgf/basiclayer\pgfcor
etransparency.code.tex
File: pgfcoretransparency.code.tex 2020/01/08 v3.1.5b (3.1.5b)
)
(C:\Users\Robin\AppData\Local\Programs\MiKTeX\tex/generic/pgf/basiclayer\pgfcor
epatterns.code.tex
File: pgfcorepatterns.code.tex 2020/01/08 v3.1.5b (3.1.5b)
)
(C:\Users\Robin\AppData\Local\Programs\MiKTeX\tex/generic/pgf/basiclayer\pgfcor
erdf.code.tex
File: pgfcorerdf.code.tex 2020/01/08 v3.1.5b (3.1.5b)
)))
(C:\Users\Robin\AppData\Local\Programs\MiKTeX\tex/generic/pgf/modules\pgfmodule
shapes.code.tex
File: pgfmoduleshapes.code.tex 2020/01/08 v3.1.5b (3.1.5b)
\pgfnodeparttextbox=\box65
)
(C:\Users\Robin\AppData\Local\Programs\MiKTeX\tex/generic/pgf/modules\pgfmodule
plot.code.tex
File: pgfmoduleplot.code.tex 2020/01/08 v3.1.5b (3.1.5b)
)
(C:\Users\Robin\AppData\Local\Programs\MiKTeX\tex/latex/pgf/compatibility\pgfco
mp-version-0-65.sty
Package: pgfcomp-version-0-65 2020/01/08 v3.1.5b (3.1.5b)
\pgf@nodesepstart=\dimen272
\pgf@nodesepend=\dimen273
)
(C:\Users\Robin\AppData\Local\Programs\MiKTeX\tex/latex/pgf/compatibility\pgfco
mp-version-1-18.sty
Package: pgfcomp-version-1-18 2020/01/08 v3.1.5b (3.1.5b)
))
(C:\Users\Robin\AppData\Local\Programs\MiKTeX\tex/latex/pgf/utilities\pgffor.st
y
(C:\Users\Robin\AppData\Local\Programs\MiKTeX\tex/latex/pgf/utilities\pgfkeys.s
ty
(C:\Users\Robin\AppData\Local\Programs\MiKTeX\tex/generic/pgf/utilities\pgfkeys
.code.tex))
(C:\Users\Robin\AppData\Local\Programs\MiKTeX\tex/latex/pgf/math\pgfmath.sty
(C:\Users\Robin\AppData\Local\Programs\MiKTeX\tex/generic/pgf/math\pgfmath.code
.tex))
(C:\Users\Robin\AppData\Local\Programs\MiKTeX\tex/generic/pgf/utilities\pgffor.
code.tex
Package: pgffor 2020/01/08 v3.1.5b (3.1.5b)

(C:\Users\Robin\AppData\Local\Programs\MiKTeX\tex/generic/pgf/math\pgfmath.code
.tex)
\pgffor@iter=\dimen274
\pgffor@skip=\dimen275
\pgffor@stack=\toks52
\pgffor@toks=\toks53
))
(C:\Users\Robin\AppData\Local\Programs\MiKTeX\tex/generic/pgf/frontendlayer/tik
z\tikz.code.tex
Package: tikz 2020/01/08 v3.1.5b (3.1.5b)

(C:\Users\Robin\AppData\Local\Programs\MiKTeX\tex/generic/pgf/libraries\pgflibr
aryplothandlers.code.tex
File: pgflibraryplothandlers.code.tex 2020/01/08 v3.1.5b (3.1.5b)
\pgf@plot@mark@count=\count314
\pgfplotmarksize=\dimen276
)
\tikz@lastx=\dimen277
\tikz@lasty=\dimen278
\tikz@lastxsaved=\dimen279
\tikz@lastysaved=\dimen280
\tikz@lastmovetox=\dimen281
\tikz@lastmovetoy=\dimen282
\tikzleveldistance=\dimen283
\tikzsiblingdistance=\dimen284
\tikz@figbox=\box66
\tikz@figbox@bg=\box67
\tikz@tempbox=\box68
\tikz@tempbox@bg=\box69
\tikztreelevel=\count315
\tikznumberofchildren=\count316
\tikznumberofcurrentchild=\count317
\tikz@fig@count=\count318

(C:\Users\Robin\AppData\Local\Programs\MiKTeX\tex/generic/pgf/modules\pgfmodule
matrix.code.tex
File: pgfmodulematrix.code.tex 2020/01/08 v3.1.5b (3.1.5b)
\pgfmatrixcurrentrow=\count319
\pgfmatrixcurrentcolumn=\count320
\pgf@matrix@numberofcolumns=\count321
)
\tikz@expandcount=\count322

(C:\Users\Robin\AppData\Local\Programs\MiKTeX\tex/generic/pgf/frontendlayer/tik
z/libraries\tikzlibrarytopaths.code.tex
File: tikzlibrarytopaths.code.tex 2020/01/08 v3.1.5b (3.1.5b)
)))
(C:\Users\Robin\AppData\Local\Programs\MiKTeX\tex/generic/pgf/frontendlayer/tik
z/libraries\tikzlibrarypositioning.code.tex
File: tikzlibrarypositioning.code.tex 2020/01/08 v3.1.5b (3.1.5b)
)
(C:\Users\Robin\AppData\Local\Programs\MiKTeX\tex/generic/pgf/frontendlayer/tik
z/libraries\tikzlibraryshadows.code.tex
File: tikzlibraryshadows.code.tex 2020/01/08 v3.1.5b (3.1.5b)

(C:\Users\Robin\AppData\Local\Programs\MiKTeX\tex/generic/pgf/frontendlayer/tik
z/libraries\tikzlibraryfadings.code.tex
File: tikzlibraryfadings.code.tex 2020/01/08 v3.1.5b (3.1.5b)

(C:\Users\Robin\AppData\Local\Programs\MiKTeX\tex/generic/pgf/libraries\pgflibr
aryfadings.code.tex
File: pgflibraryfadings.code.tex 2020/01/08 v3.1.5b (3.1.5b)
)))
\c@@todonotes@numberoftodonotes=\count323
)
(C:\Users\Robin\AppData\Local\Programs\MiKTeX\tex/latex/tabulary\tabulary.sty
Package: tabulary 2014/06/11 v0.10 tabulary package (DPC)
\TY@count=\count324
\TY@linewidth=\dimen285
\tymin=\dimen286
\tymax=\dimen287
\TY@tablewidth=\dimen288
)) (preamble/personal.tex) (preamble/setup.tex

Package hyperref Warning: Option `bookmarks' has already been used,
(hyperref)                setting the option has no effect on input line 21.

Package hyperref Info: Option `bookmarksopen' set `true' on input line 21.

Package hyperref Warning: Option `backref' has already been used,
(hyperref)                setting the option has no effect on input line 21.

Package hyperref Info: Option `colorlinks' set `true' on input line 21.
(C:\Users\Robin\AppData\Local\Programs\MiKTeX\tex/latex/ucs\uni-0.def
File: uni-0.def 2013/05/13 UCS: Unicode data U+0000..U+00FF
)
(C:\Users\Robin\AppData\Local\Programs\MiKTeX\tex/latex/listings\lstlang1.sty
File: lstlang1.sty 2019/09/10 1.8c listings language file
)
\c@theorem=\count325
\c@definition=\count326
\@float@every@pseudocode=\toks54
\c@pseudocode=\count327
) (preamble/macros.tex) (thesis.aux (misc/affirmation.aux) (misc/abstract.aux)
(chapter/chapter1.aux) (chapter/chapter2.aux) (misc/appendix.aux))
\openout1 = `thesis.aux'.

LaTeX Font Info:    Checking defaults for OML/cmm/m/it on input line 18.
LaTeX Font Info:    ... okay on input line 18.
LaTeX Font Info:    Checking defaults for T1/cmr/m/n on input line 18.
LaTeX Font Info:    ... okay on input line 18.
LaTeX Font Info:    Checking defaults for OT1/cmr/m/n on input line 18.
LaTeX Font Info:    ... okay on input line 18.
LaTeX Font Info:    Checking defaults for OMS/cmsy/m/n on input line 18.
LaTeX Font Info:    ... okay on input line 18.
LaTeX Font Info:    Checking defaults for OMX/cmex/m/n on input line 18.
LaTeX Font Info:    ... okay on input line 18.
LaTeX Font Info:    Checking defaults for U/cmr/m/n on input line 18.
LaTeX Font Info:    ... okay on input line 18.
LaTeX Font Info:    Checking defaults for PD1/pdf/m/n on input line 18.
LaTeX Font Info:    ... okay on input line 18.
LaTeX Font Info:    Trying to load font information for T1+ptm on input line 18
.

(C:\Users\Robin\AppData\Local\Programs\MiKTeX\tex/latex/psnfss\t1ptm.fd
File: t1ptm.fd 2001/06/04 font definitions for T1/ptm.
)
(C:\Users\Robin\AppData\Local\Programs\MiKTeX\tex/latex/ucs\ucsencs.def
File: ucsencs.def 2011/01/21 Fixes to fontencodings LGR, T3
)
\AtBeginShipoutBox=\box70
Package hyperref Info: Link coloring ON on input line 18.

(C:\Users\Robin\AppData\Local\Programs\MiKTeX\tex/latex/hyperref\nameref.sty
Package: nameref 2019/09/16 v2.46 Cross-referencing by name of section

(C:\Users\Robin\AppData\Local\Programs\MiKTeX\tex/latex/oberdiek\refcount.sty
Package: refcount 2016/05/16 v3.5 Data extraction from label references (HO)
)
(C:\Users\Robin\AppData\Local\Programs\MiKTeX\tex/generic/oberdiek\gettitlestri
ng.sty
Package: gettitlestring 2016/05/16 v1.5 Cleanup title references (HO)
)
\c@section@level=\count328
)
LaTeX Info: Redefining \ref on input line 18.
LaTeX Info: Redefining \pageref on input line 18.
LaTeX Info: Redefining \nameref on input line 18.
 (thesis.out) (thesis.out)
\@outlinefile=\write4
\openout4 = `thesis.out'.

Class scrreprt Info: loading recommended package `bookmark'.
(scrreprt)           Using `bookmark' together with `hyperref' is recommended,
(scrreprt)           because of handling of possible bookmark level gaps.
(scrreprt)           You can avoid loading `bookmark' with KOMA-Script option
(scrreprt)           `bookmarkpackage=false' before \begin{document} and
(scrreprt)           you can avoid this message adding:
(scrreprt)             \usepackage{bookmark}
(scrreprt)           before \begin{document} on input line 18.

(C:\Users\Robin\AppData\Local\Programs\MiKTeX\tex/latex/oberdiek\bookmark.sty
Package: bookmark 2019/06/04 v1.27 PDF bookmarks (HO)

(C:\Users\Robin\AppData\Local\Programs\MiKTeX\tex/generic/iftex\ifxetex.sty
Package: ifxetex 2019/10/25 v0.7 ifxetex legacy package. Use iftex instead.
)
(C:\Users\Robin\AppData\Local\Programs\MiKTeX\tex/generic/iftex\ifvtex.sty
Package: ifvtex 2019/10/25 v1.7 ifvtex legacy package. Use iftex instead.
)
(C:\Users\Robin\AppData\Local\Programs\MiKTeX\tex/latex/oberdiek\bkm-pdftex.def
File: bkm-pdftex.def 2019/06/04 v1.27 bookmark driver for pdfTeX (HO)
Package auxhook Info: \AddLineBeginMainAux comes a little late,
(auxhook)             because the main .aux file is already opened on input lin
e 167.
\BKM@id=\count329
))
Package caption Info: Begin \AtBeginDocument code.
Package caption Info: listings package is loaded.
Package caption Info: End \AtBeginDocument code.
\c@lstlisting=\count330

(C:\Users\Robin\AppData\Local\Programs\MiKTeX\tex/context/base/mkii\supp-pdf.mk
ii
[Loading MPS to PDF converter (version 2006.09.02).]
\scratchcounter=\count331
\scratchdimen=\dimen289
\scratchbox=\box71
\nofMPsegments=\count332
\nofMParguments=\count333
\everyMPshowfont=\toks55
\MPscratchCnt=\count334
\MPscratchDim=\dimen290
\MPnumerator=\count335
\makeMPintoPDFobject=\count336
\everyMPtoPDFconversion=\toks56
)
(C:\Users\Robin\AppData\Local\Programs\MiKTeX\tex/latex/epstopdf-pkg\epstopdf-b
ase.sty
Package: epstopdf-base 2019/11/24 v2.7 Base part for package epstopdf

(C:\Users\Robin\AppData\Local\Programs\MiKTeX\tex/latex/oberdiek\grfext.sty
Package: grfext 2016/05/16 v1.2 Manage graphics extensions (HO)
)
Package epstopdf-base Info: Redefining graphics rule for `.eps' on input line 4
42.
Package grfext Info: Graphics extension search list:
(grfext)             [.pdf,.png,.jpg,.eps]
(grfext)             \AppendGraphicsExtensions on input line 460.
)
(C:\Users\Robin\AppData\Local\Programs\MiKTeX\tex/latex/oberdiek\pdflscape.sty
Package: pdflscape 2016/05/14 v0.11 Display of landscape pages in PDF (HO)

(C:\Users\Robin\AppData\Local\Programs\MiKTeX\tex/latex/graphics\lscape.sty
Package: lscape 2000/10/22 v3.01 Landscape Pages (DPC)
)
Package pdflscape Info: Auto-detected driver: pdftex on input line 84.
)
ABD: EveryShipout initializing macros

Package todonotes Warning: The length marginparwidth is less than 2cm and will 
most likely cause issues with the appearance of inserted todonotes. The issue c
an be solved by adding a line like \setlength {\marginparwidth }{2cm} prior to 
loading the todonotes package. on input line 18.

(misc/titlepage.tex
<../ostfalia/Ostfalia_LS_RGB_klein.jpg, id=30, 290.2845pt x 62.634pt>
File: ../ostfalia/Ostfalia_LS_RGB_klein.jpg Graphic file (type jpg)
<use ../ostfalia/Ostfalia_LS_RGB_klein.jpg>
Package pdftex.def Info: ../ostfalia/Ostfalia_LS_RGB_klein.jpg  used on input l
ine 10.
(pdftex.def)             Requested size: 269.96179pt x 58.249pt.
<../ostfalia/Reiter_Wolfen_RGB_174mm.jpg, id=31, 419.6478pt x 14.454pt>
File: ../ostfalia/Reiter_Wolfen_RGB_174mm.jpg Graphic file (type jpg)
<use ../ostfalia/Reiter_Wolfen_RGB_174mm.jpg>
Package pdftex.def Info: ../ostfalia/Reiter_Wolfen_RGB_174mm.jpg  used on input
 line 14.
(pdftex.def)             Requested size: 503.57484pt x 17.34467pt.

Overfull \hbox (79.94705pt too wide) in paragraph at lines 10--15
[]| [] 
 []


Overfull \hbox (76.78352pt too wide) in paragraph at lines 10--15
| [] 
 []


Underfull \hbox (badness 10000) in paragraph at lines 10--15

 []

LaTeX Font Info:    Trying to load font information for T1+phv on input line 16
.
(C:\Users\Robin\AppData\Local\Programs\MiKTeX\tex/latex/psnfss\t1phv.fd
File: t1phv.fd 2001/06/04 scalable font definitions for T1/phv.
)
Underfull \hbox (badness 10000) in paragraph at lines 16--17

 []


Underfull \hbox (badness 10000) in paragraph at lines 18--19

 []


Overfull \hbox (5.8647pt too wide) in paragraph at lines 21--22
[]\T1/phv/m/n/17.28 Robin Ml-ler, 70460120, Pit-Aurel Eh-lers, 70453261 
 []


Underfull \hbox (badness 10000) in paragraph at lines 21--22

 []

LaTeX Font Info:    Font shape `T1/ptm/bx/n' in size <12> not available
(Font)              Font shape `T1/ptm/b/n' tried instead on input line 27.
LaTeX Font Info:    Font shape `T1/phv/bx/n' in size <12> not available
(Font)              Font shape `T1/phv/b/n' tried instead on input line 27.
LaTeX Font Info:    Font shape `T1/phv/bx/n' in size <20.74> not available
(Font)              Font shape `T1/phv/b/n' tried instead on input line 27.

Underfull \hbox (badness 10000) in paragraph at lines 27--29

 []


Underfull \hbox (badness 10000) in paragraph at lines 45--46

 []

<ostfalia/Reiter_szsudwob_RGB_174mm.jpg, id=32, 419.4069pt x 51.3117pt>
File: ostfalia/Reiter_szsudwob_RGB_174mm.jpg Graphic file (type jpg)
<use ostfalia/Reiter_szsudwob_RGB_174mm.jpg>
Package pdftex.def Info: ostfalia/Reiter_szsudwob_RGB_174mm.jpg  used on input 
line 56.
(pdftex.def)             Requested size: 503.28577pt x 61.57372pt.

Overfull \hbox (474.83302pt too wide) in paragraph at lines 56--57
[][] 
 []

[1



{C:/Users/Robin/AppData/Local/MiKTeX/2.9/pdftex/config/pdftex.map} <../ostfalia
/Ostfalia_LS_RGB_klein.jpg> <../ostfalia/Reiter_Wolfen_RGB_174mm.jpg> <./ostfal
ia/Reiter_szsudwob_RGB_174mm.jpg>])
\openout2 = `misc/affirmation.aux'.

 (misc/affirmation.tex
LaTeX Font Info:    Font shape `T1/phv/bx/n' in size <24.88> not available
(Font)              Font shape `T1/phv/b/n' tried instead on input line 1.
)
LaTeX Font Info:    Trying to load font information for OT1+ztmcm on input line
 27.

(C:\Users\Robin\AppData\Local\Programs\MiKTeX\tex/latex/psnfss\ot1ztmcm.fd
File: ot1ztmcm.fd 2000/01/03 Fontinst v1.801 font definitions for OT1/ztmcm.
)
LaTeX Font Info:    Trying to load font information for OML+ztmcm on input line
 27.

(C:\Users\Robin\AppData\Local\Programs\MiKTeX\tex/latex/psnfss\omlztmcm.fd
File: omlztmcm.fd 2000/01/03 Fontinst v1.801 font definitions for OML/ztmcm.
)
LaTeX Font Info:    Trying to load font information for OMS+ztmcm on input line
 27.

(C:\Users\Robin\AppData\Local\Programs\MiKTeX\tex/latex/psnfss\omsztmcm.fd
File: omsztmcm.fd 2000/01/03 Fontinst v1.801 font definitions for OMS/ztmcm.
)
LaTeX Font Info:    Trying to load font information for OMX+ztmcm on input line
 27.

(C:\Users\Robin\AppData\Local\Programs\MiKTeX\tex/latex/psnfss\omxztmcm.fd
File: omxztmcm.fd 2000/01/03 Fontinst v1.801 font definitions for OMX/ztmcm.
)
LaTeX Font Info:    Trying to load font information for OT1+ptm on input line 2
7.

(C:\Users\Robin\AppData\Local\Programs\MiKTeX\tex/latex/psnfss\ot1ptm.fd
File: ot1ptm.fd 2001/06/04 font definitions for OT1/ptm.
)
LaTeX Font Info:    Font shape `OT1/ptm/bx/n' in size <12> not available
(Font)              Font shape `OT1/ptm/b/n' tried instead on input line 27.
LaTeX Font Info:    Font shape `OT1/ptm/bx/n' in size <9> not available
(Font)              Font shape `OT1/ptm/b/n' tried instead on input line 27.
LaTeX Font Info:    Font shape `OT1/ptm/bx/n' in size <7> not available
(Font)              Font shape `OT1/ptm/b/n' tried instead on input line 27.

[1


]
\openout2 = `misc/abstract.aux'.

 (misc/abstract.tex
LaTeX Font Info:    Font shape `T1/phv/bx/n' in size <17.28> not available
(Font)              Font shape `T1/phv/b/n' tried instead on input line 2.

(C:\Users\Robin\AppData\Local\Programs\MiKTeX\tex/latex/ucs\uni-32.def
File: uni-32.def 2013/05/13 UCS: Unicode data U+2000..U+20FF
)
[2


]) [3]
\openout2 = `chapter/chapter1.aux'.

 (chapter/chapter1.tex
chapter 1.

Class scrreprt Warning: \float@addtolists detected!
(scrreprt)              Implementation of \float@addtolist became
(scrreprt)              deprecated in KOMA-Script v3.01 2008/11/14 and
(scrreprt)              has been replaced by several more flexible
(scrreprt)              features of package `tocbasic`.
(scrreprt)              Since Version 3.12 support for deprecated
(scrreprt)              \float@addtolist interface has been
(scrreprt)              restricted to only some of the KOMA-Script
(scrreprt)              features and been removed from others.
(scrreprt)              Loading of package `scrhack' may help to
(scrreprt)              avoid this warning, if you are using a
(scrreprt)              a package that still implements the
(scrreprt)              deprecated \float@addtolist interface .

pdfTeX warning (ext4): destination with the same identifier (name{page.1}) has 
been already used, duplicate ignored
<to be read again> 
                   \relax 
l.5 \chapter
            {Motivation} [1



]
chapter 2.
) [2

]
\openout2 = `chapter/chapter2.aux'.

 (chapter/chapter2.tex
chapter 3.

Underfull \hbox (badness 10000) in paragraph at lines 3--5

 []

<C:/Users/Robin/Downloads/LaTex/Bilder/sBdyby6FyPckxbimKufRD4Q.png, id=70, 241.
90375pt x 75.28125pt>
File: C:/Users/Robin/Downloads/LaTex/Bilder/sBdyby6FyPckxbimKufRD4Q.png Graphic
 file (type png)
<use C:/Users/Robin/Downloads/LaTex/Bilder/sBdyby6FyPckxbimKufRD4Q.png>
Package pdftex.def Info: C:/Users/Robin/Downloads/LaTex/Bilder/sBdyby6FyPckxbim
KufRD4Q.png  used on input line 6.
(pdftex.def)             Requested size: 241.90315pt x 75.28105pt.

Underfull \hbox (badness 10000) in paragraph at lines 6--8
[][]
 []


Underfull \hbox (badness 10000) in paragraph at lines 6--8

 []


Underfull \hbox (badness 10000) in paragraph at lines 6--8

 []

<C:/Users/Robin/Downloads/LaTex/Bilder/sZFI1L7gymY3C_ipjtqSvrg.png, id=72, 241.
90375pt x 75.28125pt>
File: C:/Users/Robin/Downloads/LaTex/Bilder/sZFI1L7gymY3C_ipjtqSvrg.png Graphic
 file (type png)
<use C:/Users/Robin/Downloads/LaTex/Bilder/sZFI1L7gymY3C_ipjtqSvrg.png>
Package pdftex.def Info: C:/Users/Robin/Downloads/LaTex/Bilder/sZFI1L7gymY3C_ip
jtqSvrg.png  used on input line 9.
(pdftex.def)             Requested size: 241.90315pt x 75.28105pt.
[3



 <C:/Users/Robin/Downloads/LaTex/Bilder/sBdyby6FyPckxbimKufRD4Q.png> <C:/Users/
Robin/Downloads/LaTex/Bilder/sZFI1L7gymY3C_ipjtqSvrg.png>]
chapter 4.
LaTeX Font Info:    Font shape `T1/phv/bx/n' in size <14.4> not available
(Font)              Font shape `T1/phv/b/n' tried instead on input line 20.
[4

] [5] [6]
<C:/Users/Robin/Downloads/LaTex/Bilder/OverUnderfitting.PNG, id=126, 838.13126p
t x 288.07625pt>
File: C:/Users/Robin/Downloads/LaTex/Bilder/OverUnderfitting.PNG Graphic file (
type png)
<use C:/Users/Robin/Downloads/LaTex/Bilder/OverUnderfitting.PNG>
Package pdftex.def Info: C:/Users/Robin/Downloads/LaTex/Bilder/OverUnderfitting
.PNG  used on input line 70.
(pdftex.def)             Requested size: 398.33858pt x 136.91235pt.
<C:/Users/Robin/Downloads/LaTex/Bilder/Berechnung.PNG, id=128, 221.628pt x 67.4
52pt>
File: C:/Users/Robin/Downloads/LaTex/Bilder/Berechnung.PNG Graphic file (type p
ng)
<use C:/Users/Robin/Downloads/LaTex/Bilder/Berechnung.PNG>
Package pdftex.def Info: C:/Users/Robin/Downloads/LaTex/Bilder/Berechnung.PNG  
used on input line 78.
(pdftex.def)             Requested size: 221.62746pt x 67.45183pt.
 [7 <C:/Users/Robin/Downloads/LaTex/Bilder/OverUnderfitting.PNG>]
[8 <C:/Users/Robin/Downloads/LaTex/Bilder/Berechnung.PNG>]
chapter 5.

Underfull \hbox (badness 1448) in paragraph at lines 83--84
\T1/ptm/m/n/12 Scikit-Learn ist ein Pro-jekt, wel-ches 2007 von Da-vid Cour-na-
peau ge-st-ar-tet
 []

[9

]
chapter 6.
[10

]
LaTeX Font Info:    Trying to load font information for OMS+ptm on input line 1
02.
 (C:\Users\Robin\AppData\Local\Programs\MiKTeX\tex/latex/psnfss\omsptm.fd
File: omsptm.fd 
)
LaTeX Font Info:    Font shape `OMS/ptm/m/n' in size <12> not available
(Font)              Font shape `OMS/cmsy/m/n' tried instead on input line 102.

[11]
chapter 7.
[12

]
<C:/Users/Robin/Downloads/LaTex/Bilder/pasted image 0.png, id=178, 613.29124pt 
x 398.48875pt>
File: C:/Users/Robin/Downloads/LaTex/Bilder/pasted image 0.png Graphic file (ty
pe png)
<use C:/Users/Robin/Downloads/LaTex/Bilder/pasted image 0.png>
Package pdftex.def Info: C:/Users/Robin/Downloads/LaTex/Bilder/pasted image 0.p
ng  used on input line 130.
(pdftex.def)             Requested size: 398.33858pt x 258.82004pt.
 [13 <C:/Users/Robin/Downloads/LaTex/Bilder/pasted image 0.png>]
<C:/Users/Robin/Downloads/LaTex/Bilder/pasted image 0 (1).png, id=184, 715.6737
5pt x 87.32625pt>
File: C:/Users/Robin/Downloads/LaTex/Bilder/pasted image 0 (1).png Graphic file
 (type png)
<use C:/Users/Robin/Downloads/LaTex/Bilder/pasted image 0 (1).png>
Package pdftex.def Info: C:/Users/Robin/Downloads/LaTex/Bilder/pasted image 0 (
1).png  used on input line 150.
(pdftex.def)             Requested size: 398.33858pt x 48.60521pt.
<C:/Users/Robin/Downloads/LaTex/Bilder/pasted image 0 (2).png, id=185, 582.175p
t x 108.405pt>
File: C:/Users/Robin/Downloads/LaTex/Bilder/pasted image 0 (2).png Graphic file
 (type png)
<use C:/Users/Robin/Downloads/LaTex/Bilder/pasted image 0 (2).png>
Package pdftex.def Info: C:/Users/Robin/Downloads/LaTex/Bilder/pasted image 0 (
2).png  used on input line 155.
(pdftex.def)             Requested size: 398.33858pt x 74.17426pt.
 [14 <C:/Users/Robin/Downloads/LaTex/Bilder/pasted image 0 (1).png>]
<C:/Users/Robin/Downloads/LaTex/Bilder/pasted image 0 (3).png, id=196, 587.1937
6pt x 171.64125pt>
File: C:/Users/Robin/Downloads/LaTex/Bilder/pasted image 0 (3).png Graphic file
 (type png)
<use C:/Users/Robin/Downloads/LaTex/Bilder/pasted image 0 (3).png>
Package pdftex.def Info: C:/Users/Robin/Downloads/LaTex/Bilder/pasted image 0 (
3).png  used on input line 162.
(pdftex.def)             Requested size: 398.33858pt x 116.43687pt.
<C:/Users/Robin/Downloads/LaTex/Bilder/imageLikeEmbed.png, id=197, 1204.5pt x 7
44.7825pt>
File: C:/Users/Robin/Downloads/LaTex/Bilder/imageLikeEmbed.png Graphic file (ty
pe png)
<use C:/Users/Robin/Downloads/LaTex/Bilder/imageLikeEmbed.png>
Package pdftex.def Info: C:/Users/Robin/Downloads/LaTex/Bilder/imageLikeEmbed.p
ng  used on input line 178.
(pdftex.def)             Requested size: 398.33858pt x 246.30174pt.
 [15 <C:/Users/Robin/Downloads/LaTex/Bilder/pasted image 0 (2).png> <C:/Users/R
obin/Downloads/LaTex/Bilder/pasted image 0 (3).png>] [16 <C:/Users/Robin/Downlo
ads/LaTex/Bilder/imageLikeEmbed.png>]
<C:/Users/Robin/Downloads/LaTex/Bilder/pasted image 0 (4).png, id=212, 547.0437
5pt x 35.13126pt>
File: C:/Users/Robin/Downloads/LaTex/Bilder/pasted image 0 (4).png Graphic file
 (type png)
<use C:/Users/Robin/Downloads/LaTex/Bilder/pasted image 0 (4).png>
Package pdftex.def Info: C:/Users/Robin/Downloads/LaTex/Bilder/pasted image 0 (
4).png  used on input line 199.
(pdftex.def)             Requested size: 398.33858pt x 25.58179pt.
<C:/Users/Robin/Downloads/LaTex/Bilder/pasted image 0 (5).png, id=213, 704.6325
pt x 17.06375pt>
File: C:/Users/Robin/Downloads/LaTex/Bilder/pasted image 0 (5).png Graphic file
 (type png)
<use C:/Users/Robin/Downloads/LaTex/Bilder/pasted image 0 (5).png>
Package pdftex.def Info: C:/Users/Robin/Downloads/LaTex/Bilder/pasted image 0 (
5).png  used on input line 204.
(pdftex.def)             Requested size: 398.33858pt x 9.64622pt.
<C:/Users/Robin/Downloads/LaTex/Bilder/pasted image 0 (6).png, id=214, 445.665p
t x 18.0675pt>
File: C:/Users/Robin/Downloads/LaTex/Bilder/pasted image 0 (6).png Graphic file
 (type png)
<use C:/Users/Robin/Downloads/LaTex/Bilder/pasted image 0 (6).png>
Package pdftex.def Info: C:/Users/Robin/Downloads/LaTex/Bilder/pasted image 0 (
6).png  used on input line 205.
(pdftex.def)             Requested size: 278.83578pt x 11.30428pt.
<C:/Users/Robin/Downloads/LaTex/Bilder/pasted image 0 (7).png, id=215, 432.6162
6pt x 96.36pt>
File: C:/Users/Robin/Downloads/LaTex/Bilder/pasted image 0 (7).png Graphic file
 (type png)
<use C:/Users/Robin/Downloads/LaTex/Bilder/pasted image 0 (7).png>
Package pdftex.def Info: C:/Users/Robin/Downloads/LaTex/Bilder/pasted image 0 (
7).png  used on input line 211.
(pdftex.def)             Requested size: 278.83578pt x 62.1098pt.

Underfull \hbox (badness 10000) in paragraph at lines 191--213
[]
 []


Underfull \hbox (badness 10000) in paragraph at lines 191--213

 []


Underfull \hbox (badness 10000) in paragraph at lines 191--213

 []

[17 <C:/Users/Robin/Downloads/LaTex/Bilder/pasted image 0 (4).png> <C:/Users/Ro
bin/Downloads/LaTex/Bilder/pasted image 0 (5).png> <C:/Users/Robin/Downloads/La
Tex/Bilder/pasted image 0 (6).png>]
Underfull \hbox (badness 10000) in paragraph at lines 214--218

 []


Underfull \hbox (badness 10000) in paragraph at lines 225--233

 []

[18 <C:/Users/Robin/Downloads/LaTex/Bilder/pasted image 0 (7).png>] [19]
chapter 8.
[20

]) [21] (thesis.bbl
Underfull \hbox (badness 10000) in paragraph at lines 39--42
[]\T1/ptm/m/n/12 ``Medium ran-dom fo-rest,'' [][]$https : / / medium . com / @w
illiamkoehrsen /
 []

! Undefined control sequence.
l.55   \urlhttps
                ://raw.githubusercontent.com/ageron/handson-ml2/master/datas...
The control sequence at the end of the top line
of your error message was never \def'ed. If you have
misspelled it (e.g., `\hobx'), type `I' and the correct
spelling (e.g., `I\hbox'). Otherwise just continue,
and I'll forget about whatever was undefined.


Overfull \hbox (14.86102pt too wide) in paragraph at lines 54--56
[]\T1/ptm/m/n/12 ``Dataset ca-li-for-nia hou-sing pri-ces,'' ://raw.githubuserc
ontent.com/ageron/handson-
 []

) [22



]
\openout2 = `misc/appendix.aux'.

 (misc/appendix.tex
chapter A.
<C:/Users/Robin/Downloads/LaTex/Bilder/machine_learning_regression_with_line.pn
g, id=251, 642.4pt x 481.8pt>
File: C:/Users/Robin/Downloads/LaTex/Bilder/machine_learning_regression_with_li
ne.png Graphic file (type png)
<use C:/Users/Robin/Downloads/LaTex/Bilder/machine_learning_regression_with_lin
e.png>
Package pdftex.def Info: C:/Users/Robin/Downloads/LaTex/Bilder/machine_learning
_regression_with_line.png  used on input line 6.
(pdftex.def)             Requested size: 398.33858pt x 298.76436pt.
<C:/Users/Robin/Downloads/LaTex/Bilder/1_i0o8mjFfCn-uD79-F1Cqkw.png, id=252, 59
4.22pt x 445.665pt>
File: C:/Users/Robin/Downloads/LaTex/Bilder/1_i0o8mjFfCn-uD79-F1Cqkw.png Graphi
c file (type png)
<use C:/Users/Robin/Downloads/LaTex/Bilder/1_i0o8mjFfCn-uD79-F1Cqkw.png>
Package pdftex.def Info: C:/Users/Robin/Downloads/LaTex/Bilder/1_i0o8mjFfCn-uD7
9-F1Cqkw.png  used on input line 10.
(pdftex.def)             Requested size: 398.33858pt x 298.764pt.
[23


 <C:/Users/Robin/Downloads/LaTex/Bilder/machine_learning_regression_with_line.p
ng>]
<C:/Users/Robin/Downloads/LaTex/Bilder/pasted image 0 (8).png, id=259, 378.4137
6pt x 235.88126pt>
File: C:/Users/Robin/Downloads/LaTex/Bilder/pasted image 0 (8).png Graphic file
 (type png)
<use C:/Users/Robin/Downloads/LaTex/Bilder/pasted image 0 (8).png>
Package pdftex.def Info: C:/Users/Robin/Downloads/LaTex/Bilder/pasted image 0 (
8).png  used on input line 14.
(pdftex.def)             Requested size: 378.41283pt x 235.88068pt.
<C:/Users/Robin/Downloads/LaTex/Bilder/pasted image 0 (9).png, id=260, 1212.53p
t x 872.25874pt>
File: C:/Users/Robin/Downloads/LaTex/Bilder/pasted image 0 (9).png Graphic file
 (type png)
<use C:/Users/Robin/Downloads/LaTex/Bilder/pasted image 0 (9).png>
Package pdftex.def Info: C:/Users/Robin/Downloads/LaTex/Bilder/pasted image 0 (
9).png  used on input line 18.
(pdftex.def)             Requested size: 398.33858pt x 286.55524pt.
 [24 <C:/Users/Robin/Downloads/LaTex/Bilder/1_i0o8mjFfCn-uD79-F1Cqkw.png> <C:/U
sers/Robin/Downloads/LaTex/Bilder/pasted image 0 (8).png>]
<C:/Users/Robin/Downloads/LaTex/Bilder/pasted image 0 (10).png, id=267, 395.477
5pt x 252.945pt>
File: C:/Users/Robin/Downloads/LaTex/Bilder/pasted image 0 (10).png Graphic fil
e (type png)
<use C:/Users/Robin/Downloads/LaTex/Bilder/pasted image 0 (10).png>
Package pdftex.def Info: C:/Users/Robin/Downloads/LaTex/Bilder/pasted image 0 (
10).png  used on input line 22.
(pdftex.def)             Requested size: 398.33858pt x 254.7777pt.
<C:/Users/Robin/Downloads/LaTex/Bilder/pasted image 0 (11).png, id=268, 395.477
5pt x 264.99pt>
File: C:/Users/Robin/Downloads/LaTex/Bilder/pasted image 0 (11).png Graphic fil
e (type png)
<use C:/Users/Robin/Downloads/LaTex/Bilder/pasted image 0 (11).png>
Package pdftex.def Info: C:/Users/Robin/Downloads/LaTex/Bilder/pasted image 0 (
11).png  used on input line 27.
(pdftex.def)             Requested size: 398.33858pt x 266.90996pt.
) [25 <C:/Users/Robin/Downloads/LaTex/Bilder/pasted image 0 (9).png> <C:/Users/
Robin/Downloads/LaTex/Bilder/pasted image 0 (10).png>] [26 <C:/Users/Robin/Down
loads/LaTex/Bilder/pasted image 0 (11).png>]
Package atveryend Info: Empty hook `BeforeClearDocument' on input line 55.
Package atveryend Info: Empty hook `AfterLastShipout' on input line 55.
 (thesis.aux (misc/affirmation.aux)
(misc/abstract.aux) (chapter/chapter1.aux) (chapter/chapter2.aux)
(misc/appendix.aux))
Package atveryend Info: Executing hook `AtVeryEndDocument' on input line 55.
Package atveryend Info: Executing hook `AtEndAfterFileList' on input line 55.
Package rerunfilecheck Info: File `thesis.out' has not changed.
(rerunfilecheck)             Checksum: D41D8CD98F00B204E9800998ECF8427E;0.
 )
(\end occurred when \ifdefined on line 32 was incomplete) 
Here is how much of TeX's memory you used:
 38312 strings out of 492484
 720942 string characters out of 3123430
 1066255 words of memory out of 3000000
 41896 multiletter control sequences out of 15000+200000
 576426 words of font info for 76 fonts, out of 3000000 for 9000
 1141 hyphenation exceptions out of 8191
 76i,11n,93p,10103b,522s stack positions out of 5000i,500n,10000p,200000b,50000s
pdfTeX warning (dest):
 name{datensatz} has been referenced but does not exist, replaced by a fixed on
e

pdfTeX warning (dest): name{chap:einf\374hrungMachineLearning} has been referen
ced but does not exist, replaced by a fixed one

pdfTeX warning (dest): name{einf\374hrungMachineLearning} has been referenced b
ut does not exist, replaced by a fixed one

{C:/Users/Robin/AppData/Local/Programs/MiKTeX/fonts/enc/dvips/base/8r.enc}<C:/U
sers/Robin/AppData/Local/Programs/MiKTeX/fonts/type1/public/amsfonts/cm/cmsy10.
pfb><C:/Users/Robin/AppData/Local/Programs/MiKTeX/fonts/type1/urw/helvetic/uhvb
8a.pfb><C:/Users/Robin/AppData/Local/Programs/MiKTeX/fonts/type1/urw/helvetic/u
hvr8a.pfb><C:/Users/Robin/AppData/Local/Programs/MiKTeX/fonts/type1/urw/times/u
tmr8a.pfb><C:/Users/Robin/AppData/Local/Programs/MiKTeX/fonts/type1/urw/times/u
tmr8a.pfb><C:/Users/Robin/AppData/Local/Programs/MiKTeX/fonts/type1/urw/times/u
tmri8a.pfb>
Output written on thesis.pdf (30 pages, 1005600 bytes).
PDF statistics:
 452 PDF objects out of 1000 (max. 8388607)
 91 named destinations out of 1000 (max. 500000)
 563 words of extra memory for PDF output out of 10000 (max. 10000000)

